<?xml version="1.0" encoding="UTF-8"?>
<!-- Generated by org.testng.reporters.JUnitReportReporter -->
<testsuite hostname="LAPTOP-6M3CQ1E5" failures="0" tests="1" name="tests.module1.RandomWeb" time="2.507" errors="0" timestamp="2023-04-24T23:59:39 IST" skipped="0">
  <testcase classname="tests.module1.RandomWeb" name="tc01" time="2.507"/>
  <system-out/>
</testsuite> <!-- tests.module1.RandomWeb -->
